Using pre-set license
Built from '2020.3/staging' branch; Version is '2020.3.17f1 (a4537701e4ab) revision 10769271'; Using compiler version '192528614'; Build Type 'Release'
OS: 'Windows 10 Education; OS build 19043.1348; Version 2009; 64bit' Language: 'ko' Physical Memory: 16318 MB
BatchMode: 1, IsHumanControllingUs: 0, StartBugReporterOnCrash: 0, Is64bit: 1, IsPro: 0

COMMAND LINE ARGUMENTS:
C:\Program Files\Unity\Hub\Editor\2020.3.17f1\Editor\Unity.exe
-adb2
-batchMode
-noUpm
-name
AssetImportWorker0
-projectPath
C:/Users/sohee/Documents/GitHub/game/unity_game
-logFile
Logs/AssetImportWorker0.log
-srvPort
53999
Successfully changed project path to: C:/Users/sohee/Documents/GitHub/game/unity_game
C:/Users/sohee/Documents/GitHub/game/unity_game
Using Asset Import Pipeline V2.
Refreshing native plugins compatible for Editor in 47.42 ms, found 3 plugins.
Preloading 0 native plugins for Editor in 0.00 ms.
Initialize engine version: 2020.3.17f1 (a4537701e4ab)
[Subsystems] Discovering subsystems at path C:/Program Files/Unity/Hub/Editor/2020.3.17f1/Editor/Data/Resources/UnitySubsystems
[Subsystems] Discovering subsystems at path C:/Users/sohee/Documents/GitHub/game/unity_game/Assets
GfxDevice: creating device client; threaded=0
Direct3D:
    Version:  Direct3D 11.0 [level 11.1]
    Renderer: NVIDIA GeForce GTX 1660 SUPER (ID=0x21c4)
    Vendor:   
    VRAM:     5991 MB
    Driver:   27.21.14.5751
Initialize mono
Mono path[0] = 'C:/Program Files/Unity/Hub/Editor/2020.3.17f1/Editor/Data/Managed'
Mono path[1] = 'C:/Program Files/Unity/Hub/Editor/2020.3.17f1/Editor/Data/MonoBleedingEdge/lib/mono/unityjit'
Mono config path = 'C:/Program Files/Unity/Hub/Editor/2020.3.17f1/Editor/Data/MonoBleedingEdge/etc'
Using monoOptions --debugger-agent=transport=dt_socket,embedding=1,server=y,suspend=n,address=127.0.0.1:56240
Begin MonoManager ReloadAssembly
Registering precompiled unity dll's ...
Register platform support module: C:/Program Files/Unity/Hub/Editor/2020.3.17f1/Editor/Data/PlaybackEngines/WindowsStandaloneSupport/UnityEditor.WindowsStandalone.Extensions.dll
Registered in 0.003146 seconds.
Native extension for WindowsStandalone target not found
Refreshing native plugins compatible for Editor in 43.84 ms, found 3 plugins.
Preloading 0 native plugins for Editor in 0.00 ms.
Mono: successfully reloaded assembly
- Completed reload, in  2.201 seconds
Domain Reload Profiling:
	ReloadAssembly (2202ms)
		BeginReloadAssembly (65ms)
			ExecutionOrderSort (0ms)
			DisableScriptedObjects (0ms)
			BackupInstance (0ms)
			ReleaseScriptingObjects (0ms)
			CreateAndSetChildDomain (1ms)
		EndReloadAssembly (400ms)
			LoadAssemblies (62ms)
			RebuildTransferFunctionScriptingTraits (0ms)
			SetupTypeCache (149ms)
			ReleaseScriptCaches (0ms)
			RebuildScriptCaches (27ms)
			SetupLoadedEditorAssemblies (151ms)
				LogAssemblyErrors (0ms)
				InitializePlatformSupportModulesInManaged (4ms)
				SetLoadedEditorAssemblies (0ms)
				RefreshPlugins (44ms)
				BeforeProcessingInitializeOnLoad (8ms)
				ProcessInitializeOnLoadAttributes (69ms)
				ProcessInitializeOnLoadMethodAttributes (26ms)
				AfterProcessingInitializeOnLoad (0ms)
				EditorAssembliesLoaded (0ms)
			ExecutionOrderSort2 (0ms)
			AwakeInstancesAfterBackupRestoration (0ms)
Platform modules already initialized, skipping
Registering precompiled user dll's ...
Registered in 0.005064 seconds.
Begin MonoManager ReloadAssembly
Native extension for WindowsStandalone target not found
Refreshing native plugins compatible for Editor in 40.47 ms, found 3 plugins.
Preloading 0 native plugins for Editor in 0.00 ms.
Mono: successfully reloaded assembly
- Completed reload, in  1.069 seconds
Domain Reload Profiling:
	ReloadAssembly (1070ms)
		BeginReloadAssembly (162ms)
			ExecutionOrderSort (0ms)
			DisableScriptedObjects (4ms)
			BackupInstance (0ms)
			ReleaseScriptingObjects (0ms)
			CreateAndSetChildDomain (18ms)
		EndReloadAssembly (832ms)
			LoadAssemblies (114ms)
			RebuildTransferFunctionScriptingTraits (0ms)
			SetupTypeCache (263ms)
			ReleaseScriptCaches (0ms)
			RebuildScriptCaches (43ms)
			SetupLoadedEditorAssemblies (313ms)
				LogAssemblyErrors (0ms)
				InitializePlatformSupportModulesInManaged (3ms)
				SetLoadedEditorAssemblies (0ms)
				RefreshPlugins (41ms)
				BeforeProcessingInitializeOnLoad (70ms)
				ProcessInitializeOnLoadAttributes (177ms)
				ProcessInitializeOnLoadMethodAttributes (11ms)
				AfterProcessingInitializeOnLoad (11ms)
				EditorAssembliesLoaded (0ms)
			ExecutionOrderSort2 (0ms)
			AwakeInstancesAfterBackupRestoration (5ms)
Platform modules already initialized, skipping
========================================================================
Worker process is ready to serve import requests
Launched and connected shader compiler UnityShaderCompiler.exe after 0.08 seconds
Refreshing native plugins compatible for Editor in 0.50 ms, found 3 plugins.
Preloading 0 native plugins for Editor in 0.00 ms.
Unloading 2124 Unused Serialized files (Serialized files now loaded: 0)
System memory in use before: 95.8 MB.
System memory in use after: 95.8 MB.

Unloading 26 unused Assets to reduce memory usage. Loaded Objects now: 2565.
Total: 2.944400 ms (FindLiveObjects: 0.225200 ms CreateObjectMapping: 0.049600 ms MarkObjects: 2.601600 ms  DeleteObjects: 0.066900 ms)

AssetImportParameters requested are different than current active one (requested -> active):
  custom:framework-win-MediaFoundation: 216162199b28c13a410421893ffa2e32 -> 
  custom:video-decoder-ogg-theora: a1e56fd34408186e4bbccfd4996cb3dc -> 
  custom:container-muxer-webm: aa71ff27fc2769a1b78a27578f13a17b -> 
  custom:container-demuxer-webm: 4f35f7cbe854078d1ac9338744f61a02 -> 
  custom:container-demuxer-ogg: 62fdf1f143b41e24485cea50d1cbac27 -> 
  custom:video-encoder-webm-vp8: eb34c28f22e8b96e1ab97ce403110664 -> 
  custom:video-decoder-webm-vp8: 9c59270c3fd7afecdb556c50c9e8de78 -> 
  custom:audio-decoder-ogg-vorbis: bf7c407c2cedff20999df2af8eb42d56 -> 
  custom:audio-encoder-webm-vorbis: bf7c407c2cedff20999df2af8eb42d56 -> 
========================================================================
Received Import Request.
  path: Assets/Scenes/end.unity
  artifactKey: Guid(c87914e8c29b87c47a2d8a446d7f7449) Importer(815301076,1909f56bfc062723c751e8b465ee728b)
Start importing Assets/Scenes/end.unity using Guid(c87914e8c29b87c47a2d8a446d7f7449) Importer(815301076,1909f56bfc062723c751e8b465ee728b)  -> (artifact id: 'a5261e956e694d08563cc7213afafd90') in 0.018321 seconds 
  Import took 0.021649 seconds .

========================================================================
Received Import Request.
  Time since last request: 2.763584 seconds.
  path: Assets/RangePos.cs
  artifactKey: Guid(4e7b74a95db32dc4ca52e58831207417) Importer(815301076,1909f56bfc062723c751e8b465ee728b)
Start importing Assets/RangePos.cs using Guid(4e7b74a95db32dc4ca52e58831207417) Importer(815301076,1909f56bfc062723c751e8b465ee728b)  -> (artifact id: '779c956fc18e60a69d3e0da0b2ae5034') in 0.028729 seconds 
  Import took 0.032041 seconds .

========================================================================
Received Import Request.
  Time since last request: 0.000996 seconds.
  path: Assets/RangePos.cs
  artifactKey: Guid(4e7b74a95db32dc4ca52e58831207417) Importer(815301076,1909f56bfc062723c751e8b465ee728b)
Start importing Assets/RangePos.cs using Guid(4e7b74a95db32dc4ca52e58831207417) Importer(815301076,1909f56bfc062723c751e8b465ee728b)  -> (artifact id: '779c956fc18e60a69d3e0da0b2ae5034') in 0.003573 seconds 
  Import took 0.006765 seconds .

========================================================================
Received Import Request.
  Time since last request: 0.738491 seconds.
  path: Assets/PipeManager.cs
  artifactKey: Guid(c41b713b4bd7aa144a0b9d3832e78b72) Importer(815301076,1909f56bfc062723c751e8b465ee728b)
Start importing Assets/PipeManager.cs using Guid(c41b713b4bd7aa144a0b9d3832e78b72) Importer(815301076,1909f56bfc062723c751e8b465ee728b)  -> (artifact id: 'a9b02a700a68b7b34a0d918452f59f74') in 0.006651 seconds 
  Import took 0.009840 seconds .

========================================================================
Received Import Request.
  Time since last request: 1.884240 seconds.
  path: Assets/MapAnimation.anim
  artifactKey: Guid(1288946d5f9d58e45aa74d650962329d) Importer(815301076,1909f56bfc062723c751e8b465ee728b)
Start importing Assets/MapAnimation.anim using Guid(1288946d5f9d58e45aa74d650962329d) Importer(815301076,1909f56bfc062723c751e8b465ee728b)  -> (artifact id: '200b2f7c3985e8382a7c043752d00f64') in 0.010228 seconds 
  Import took 0.013418 seconds .

========================================================================
Received Import Request.
  Time since last request: 1.249168 seconds.
  path: Assets/DataManager.cs
  artifactKey: Guid(809549ad403709540a3c02abf4d2fd7c) Importer(815301076,1909f56bfc062723c751e8b465ee728b)
Start importing Assets/DataManager.cs using Guid(809549ad403709540a3c02abf4d2fd7c) Importer(815301076,1909f56bfc062723c751e8b465ee728b)  -> (artifact id: 'ea44a778059be2f233702f0363544feb') in 0.006753 seconds 
  Import took 0.009883 seconds .

========================================================================
Received Import Request.
  Time since last request: 0.461056 seconds.
  path: Assets/CreateMap.cs
  artifactKey: Guid(ab69cca7711667d4eafc6e9b2e017af7) Importer(815301076,1909f56bfc062723c751e8b465ee728b)
Start importing Assets/CreateMap.cs using Guid(ab69cca7711667d4eafc6e9b2e017af7) Importer(815301076,1909f56bfc062723c751e8b465ee728b)  -> (artifact id: '2c5169211d674b5be6e29dcbd2febfd3') in 0.006798 seconds 
  Import took 0.009970 seconds .

========================================================================
Received Import Request.
  Time since last request: 0.500972 seconds.
  path: Assets/Cheeze.cs
  artifactKey: Guid(3ae5b8067bf439144960d044828a1770) Importer(815301076,1909f56bfc062723c751e8b465ee728b)
Start importing Assets/Cheeze.cs using Guid(3ae5b8067bf439144960d044828a1770) Importer(815301076,1909f56bfc062723c751e8b465ee728b)  -> (artifact id: '08e3b5e4b931b4087a54b5a152996060') in 0.003563 seconds 
  Import took 0.006811 seconds .

========================================================================
Received Import Request.
  Time since last request: 0.657009 seconds.
  path: Assets/CameraMove.cs
  artifactKey: Guid(6f52fe8cb49fc884b8e5ac1015d68ca8) Importer(815301076,1909f56bfc062723c751e8b465ee728b)
Start importing Assets/CameraMove.cs using Guid(6f52fe8cb49fc884b8e5ac1015d68ca8) Importer(815301076,1909f56bfc062723c751e8b465ee728b)  -> (artifact id: '5ab4b921190568a901ddeb12fe52c670') in 0.007142 seconds 
  Import took 0.010353 seconds .

========================================================================
Received Import Request.
  Time since last request: 3.274413 seconds.
  path: Assets/PlantformMove.cs
  artifactKey: Guid(5138f0a7afc1cf1479a3dae9a678c8f2) Importer(815301076,1909f56bfc062723c751e8b465ee728b)
Start importing Assets/PlantformMove.cs using Guid(5138f0a7afc1cf1479a3dae9a678c8f2) Importer(815301076,1909f56bfc062723c751e8b465ee728b)  -> (artifact id: 'bbf010a5fcdd9e3fb52da717be84e529') in 0.007412 seconds 
  Import took 0.010942 seconds .

========================================================================
Received Import Request.
  Time since last request: 4.474247 seconds.
  path: Assets/player/PlayerCtrl.cs
  artifactKey: Guid(fadddcbbd9820f74d955376cd80cc618) Importer(815301076,1909f56bfc062723c751e8b465ee728b)
Start importing Assets/player/PlayerCtrl.cs using Guid(fadddcbbd9820f74d955376cd80cc618) Importer(815301076,1909f56bfc062723c751e8b465ee728b)  -> (artifact id: 'eaab53f1425e3bc79ee8c9ab9a432855') in 0.007165 seconds 
  Import took 0.010513 seconds .

